2026-02-22 12:44:51,680 - INFO - Loading model...
2026-02-22 12:44:52,958 - INFO - Model loaded successfully.
2026-02-22 12:44:52,965 - INFO - Model loaded successfully.
2026-02-22 12:44:52,965 - INFO - Model loaded successfully.
2026-02-22 13:14:18,812 - INFO - Loading model...
2026-02-22 13:14:20,302 - INFO - Model loaded successfully.
2026-02-22 13:14:20,302 - INFO - Model loaded successfully.
2026-02-22 13:14:20,302 - INFO - Model loaded successfully.
2026-02-22 13:14:34,290 - INFO - Loading model...
2026-02-22 13:14:35,629 - INFO - Model loaded successfully.
2026-02-22 13:41:01,780 - INFO - Loading model...
2026-02-22 13:41:02,682 - INFO - Model loaded successfully.
2026-02-22 13:47:59,007 - INFO - prediction=severe_toxic confidence=0.9857 time_ms=676.04
2026-02-22 13:49:24,019 - INFO - prediction=non_toxic confidence=0.9853 time_ms=64.03
2026-02-22 14:50:31,265 - INFO - Loading model...
2026-02-22 14:50:32,184 - INFO - Model loaded successfully.
2026-02-22 14:53:40,658 - INFO - prediction=non_toxic confidence=0.9892 time_ms=128.24
2026-02-22 14:53:40,658 - INFO - prediction=severe_toxic confidence=0.9867 time_ms=133.63
2026-02-22 14:53:40,658 - INFO - prediction=severe_toxic confidence=0.9867 time_ms=130.75
2026-02-22 14:53:40,658 - INFO - prediction=non_toxic confidence=0.9892 time_ms=130.75
2026-02-22 14:53:40,658 - INFO - prediction=toxic confidence=0.9864 time_ms=132.63
2026-02-22 14:53:41,559 - INFO - prediction=non_toxic confidence=0.9892 time_ms=57.79
2026-02-22 14:53:41,626 - INFO - prediction=non_toxic confidence=0.9893 time_ms=96.45
2026-02-22 14:53:41,630 - INFO - prediction=toxic confidence=0.9864 time_ms=100.49
2026-02-22 14:53:41,634 - INFO - prediction=non_toxic confidence=0.9892 time_ms=104.02
2026-02-22 14:53:41,637 - INFO - prediction=non_toxic confidence=0.9892 time_ms=107.03
2026-02-22 14:53:42,112 - INFO - prediction=toxic confidence=0.9864 time_ms=65.89
2026-02-22 14:53:42,308 - INFO - prediction=non_toxic confidence=0.9893 time_ms=29.75
2026-02-22 14:53:42,692 - INFO - prediction=severe_toxic confidence=0.9867 time_ms=123.35
2026-02-22 14:53:42,701 - INFO - prediction=toxic confidence=0.9864 time_ms=131.57
2026-02-22 14:53:42,701 - INFO - prediction=non_toxic confidence=0.9892 time_ms=131.57
2026-02-22 14:53:42,706 - INFO - prediction=toxic confidence=0.9864 time_ms=139.44
2026-02-22 14:53:42,709 - INFO - prediction=toxic confidence=0.9864 time_ms=142.56
2026-02-22 14:53:42,763 - INFO - prediction=severe_toxic confidence=0.9867 time_ms=47.61
2026-02-22 14:53:42,765 - INFO - prediction=toxic confidence=0.9864 time_ms=57.36
2026-02-22 14:53:42,972 - INFO - prediction=toxic confidence=0.9864 time_ms=36.43
2026-02-22 14:53:43,035 - INFO - prediction=toxic confidence=0.9864 time_ms=34.63
2026-02-22 14:53:43,480 - INFO - prediction=severe_toxic confidence=0.9869 time_ms=42.66
2026-02-22 14:53:43,606 - INFO - prediction=non_toxic confidence=0.9892 time_ms=107.39
2026-02-22 14:53:43,663 - INFO - prediction=non_toxic confidence=0.9893 time_ms=143.9
2026-02-22 14:53:43,671 - INFO - prediction=non_toxic confidence=0.9893 time_ms=152.2
2026-02-22 14:53:43,685 - INFO - prediction=toxic confidence=0.9864 time_ms=166.06
2026-02-22 14:53:43,690 - INFO - prediction=severe_toxic confidence=0.9869 time_ms=171.36
2026-02-22 14:53:43,696 - INFO - prediction=non_toxic confidence=0.9892 time_ms=177.01
2026-02-22 14:53:43,721 - INFO - prediction=toxic confidence=0.9864 time_ms=104.35
2026-02-22 14:53:43,979 - INFO - prediction=non_toxic confidence=0.9893 time_ms=33.87
2026-02-22 14:54:40,690 - INFO - prediction=toxic confidence=0.9864 time_ms=105.24
2026-02-22 14:54:40,772 - INFO - prediction=severe_toxic confidence=0.9869 time_ms=137.08
2026-02-22 14:54:40,808 - INFO - prediction=severe_toxic confidence=0.9867 time_ms=146.97
2026-02-22 14:54:40,858 - INFO - prediction=severe_toxic confidence=0.9869 time_ms=164.31
2026-02-22 14:54:40,886 - INFO - prediction=non_toxic confidence=0.9892 time_ms=163.13
2026-02-22 14:54:40,900 - INFO - prediction=non_toxic confidence=0.9893 time_ms=147.6
2026-02-22 14:54:40,900 - INFO - prediction=severe_toxic confidence=0.9869 time_ms=160.04
2026-02-22 14:54:40,915 - INFO - prediction=severe_toxic confidence=0.9867 time_ms=140.1
2026-02-22 14:54:40,952 - INFO - prediction=non_toxic confidence=0.9892 time_ms=60.67
2026-02-22 14:54:40,996 - INFO - prediction=non_toxic confidence=0.9892 time_ms=52.93
2026-02-22 14:54:41,037 - INFO - prediction=severe_toxic confidence=0.9867 time_ms=58.89
2026-02-22 14:54:41,141 - INFO - prediction=severe_toxic confidence=0.9867 time_ms=129.91
2026-02-22 14:54:41,226 - INFO - prediction=severe_toxic confidence=0.9869 time_ms=196.72
2026-02-22 14:54:41,263 - INFO - prediction=severe_toxic confidence=0.9869 time_ms=216.67
2026-02-22 14:54:41,278 - INFO - prediction=severe_toxic confidence=0.9869 time_ms=231.58
2026-02-22 14:54:41,421 - INFO - prediction=non_toxic confidence=0.9892 time_ms=258.87
2026-02-22 14:54:41,436 - INFO - prediction=non_toxic confidence=0.9893 time_ms=276.96
2026-02-22 14:54:41,454 - INFO - prediction=non_toxic confidence=0.9893 time_ms=290.63
2026-02-22 14:54:41,461 - INFO - prediction=non_toxic confidence=0.9892 time_ms=246.48
2026-02-22 14:54:41,473 - INFO - prediction=severe_toxic confidence=0.9869 time_ms=254.51
2026-02-22 14:54:41,490 - INFO - prediction=severe_toxic confidence=0.9867 time_ms=253.71
2026-02-22 14:54:41,510 - INFO - prediction=severe_toxic confidence=0.9867 time_ms=208.56
2026-02-22 14:54:41,559 - INFO - prediction=severe_toxic confidence=0.9867 time_ms=188.07
2026-02-22 14:54:41,635 - INFO - prediction=severe_toxic confidence=0.9869 time_ms=210.13
2026-02-22 14:54:41,656 - INFO - prediction=non_toxic confidence=0.9892 time_ms=182.64
2026-02-22 14:54:41,668 - INFO - prediction=severe_toxic confidence=0.9867 time_ms=175.08
2026-02-22 14:54:41,714 - INFO - prediction=severe_toxic confidence=0.9869 time_ms=181.12
2026-02-22 14:54:41,727 - INFO - prediction=severe_toxic confidence=0.9867 time_ms=165.88
2026-02-22 14:54:41,744 - INFO - prediction=non_toxic confidence=0.9893 time_ms=134.37
2026-02-22 14:54:41,761 - INFO - prediction=non_toxic confidence=0.9892 time_ms=128.06
2026-02-22 14:55:40,629 - INFO - prediction=non_toxic confidence=0.9892 time_ms=38.79
2026-02-22 14:55:40,662 - INFO - prediction=severe_toxic confidence=0.9867 time_ms=31.56
2026-02-22 14:55:40,717 - INFO - prediction=severe_toxic confidence=0.9869 time_ms=50.61
2026-02-22 14:55:40,739 - INFO - prediction=non_toxic confidence=0.9893 time_ms=54.89
2026-02-22 14:55:40,792 - INFO - prediction=toxic confidence=0.9864 time_ms=70.82
2026-02-22 14:55:40,822 - INFO - prediction=severe_toxic confidence=0.9869 time_ms=71.84
2026-02-22 14:55:40,850 - INFO - prediction=non_toxic confidence=0.9893 time_ms=71.1
2026-02-22 14:55:40,869 - INFO - prediction=severe_toxic confidence=0.9869 time_ms=59.19
2026-02-22 14:55:40,929 - INFO - prediction=severe_toxic confidence=0.9869 time_ms=38.35
2026-02-22 14:55:41,002 - INFO - prediction=non_toxic confidence=0.9893 time_ms=33.8
2026-02-22 14:55:41,053 - INFO - prediction=toxic confidence=0.9864 time_ms=39.61
2026-02-22 14:55:41,076 - INFO - prediction=severe_toxic confidence=0.9867 time_ms=20.23
2026-02-22 14:55:41,138 - INFO - prediction=toxic confidence=0.9864 time_ms=49.83
2026-02-22 14:55:41,139 - INFO - prediction=non_toxic confidence=0.9892 time_ms=50.24
2026-02-22 14:55:41,240 - INFO - prediction=toxic confidence=0.9864 time_ms=114.67
2026-02-22 14:55:41,304 - INFO - prediction=severe_toxic confidence=0.9869 time_ms=159.49
2026-02-22 14:55:41,304 - INFO - prediction=severe_toxic confidence=0.9867 time_ms=159.49
2026-02-22 14:55:41,315 - INFO - prediction=severe_toxic confidence=0.9869 time_ms=168.64
2026-02-22 14:55:41,474 - INFO - prediction=toxic confidence=0.9864 time_ms=300.66
2026-02-22 14:55:41,558 - INFO - prediction=toxic confidence=0.9864 time_ms=333.96
2026-02-22 14:55:41,626 - INFO - prediction=toxic confidence=0.9864 time_ms=370.78
2026-02-22 14:55:41,638 - INFO - prediction=severe_toxic confidence=0.9869 time_ms=381.27
2026-02-22 14:55:41,658 - INFO - prediction=toxic confidence=0.9864 time_ms=431.6
2026-02-22 14:55:41,692 - INFO - prediction=non_toxic confidence=0.9892 time_ms=369.71
2026-02-22 14:55:41,694 - INFO - prediction=toxic confidence=0.9864 time_ms=437.65
2026-02-22 14:55:41,698 - INFO - prediction=non_toxic confidence=0.9893 time_ms=342.46
2026-02-22 14:55:41,723 - INFO - prediction=non_toxic confidence=0.9892 time_ms=402.26
2026-02-22 14:55:41,723 - INFO - prediction=toxic confidence=0.9864 time_ms=404.27
2026-02-22 14:55:41,729 - INFO - prediction=toxic confidence=0.9864 time_ms=379.01
2026-02-22 14:55:41,738 - INFO - prediction=severe_toxic confidence=0.9869 time_ms=318.54
2026-02-22 17:16:10,368 - INFO - Loading model...
2026-02-22 17:16:11,390 - INFO - Model loaded successfully.
2026-02-22 17:19:00,745 - INFO - prediction=severe_toxic confidence=0.9849 time_ms=217.18
2026-02-22 17:22:58,586 - INFO - prediction=non_toxic confidence=0.9201 time_ms=139.91
2026-02-22 17:23:14,213 - INFO - Loading model...
2026-02-22 17:23:15,146 - INFO - Model loaded successfully.
2026-02-22 17:23:50,713 - INFO - prediction=toxic confidence=0.9821 time_ms=234.87
2026-02-22 17:49:21,076 - INFO - prediction=severe_toxic confidence=0.9849 time_ms=32.11
2026-02-22 17:49:31,698 - INFO - prediction=severe_toxic confidence=0.9849 time_ms=33.09
2026-02-22 17:49:49,465 - INFO - prediction=severe_toxic confidence=0.9849 time_ms=33.89
2026-02-22 17:50:01,927 - INFO - prediction=non_toxic confidence=0.9252 time_ms=36.0
2026-02-22 17:50:13,199 - INFO - prediction=non_toxic confidence=0.9892 time_ms=33.07
2026-02-22 17:50:24,202 - INFO - prediction=toxic confidence=0.9864 time_ms=49.79
2026-02-22 17:50:45,385 - INFO - prediction=toxic confidence=0.9864 time_ms=33.14
2026-02-22 17:51:10,922 - INFO - prediction=toxic confidence=0.9854 time_ms=46.79
2026-02-22 17:51:28,936 - INFO - prediction=non_toxic confidence=0.9892 time_ms=34.17
2026-02-22 17:51:36,441 - INFO - prediction=severe_toxic confidence=0.9849 time_ms=30.01
2026-02-22 17:51:49,879 - INFO - prediction=severe_toxic confidence=0.9869 time_ms=45.75
2026-02-22 17:52:11,030 - INFO - prediction=toxic confidence=0.9864 time_ms=49.39
2026-02-22 17:52:36,367 - INFO - prediction=toxic confidence=0.9847 time_ms=43.07
2026-02-22 18:01:03,007 - INFO - prediction=toxic confidence=0.9863 time_ms=48.3
2026-02-22 18:01:04,855 - INFO - prediction=toxic confidence=0.9863 time_ms=35.14
2026-02-22 18:01:06,429 - INFO - prediction=toxic confidence=0.9863 time_ms=33.31
2026-02-22 18:01:08,100 - INFO - prediction=toxic confidence=0.9863 time_ms=34.01
2026-02-22 18:01:08,593 - INFO - prediction=toxic confidence=0.9863 time_ms=33.45
2026-02-22 18:01:08,814 - INFO - prediction=toxic confidence=0.9863 time_ms=29.37
2026-02-22 18:02:11,377 - INFO - prediction=toxic confidence=0.9863 time_ms=38.87
2026-02-22 18:02:29,185 - INFO - prediction=toxic confidence=0.9861 time_ms=37.1
2026-02-22 18:02:47,618 - INFO - prediction=non_toxic confidence=0.9893 time_ms=50.15
2026-02-22 18:03:18,274 - INFO - prediction=review confidence=0.7322 time_ms=34.42
2026-02-22 18:03:32,090 - INFO - prediction=toxic confidence=0.9858 time_ms=30.01
2026-02-22 18:03:44,959 - INFO - prediction=toxic confidence=0.9863 time_ms=32.37
2026-02-22 18:03:54,531 - INFO - prediction=toxic confidence=0.9792 time_ms=32.92
2026-02-22 18:04:06,400 - INFO - prediction=toxic confidence=0.9863 time_ms=43.52
2026-02-22 18:04:23,563 - INFO - prediction=severe_toxic confidence=0.9867 time_ms=43.49
2026-02-22 18:37:57,418 - INFO - Loading model...
2026-02-22 18:37:58,242 - INFO - Model loaded successfully.
2026-02-22 18:39:46,059 - INFO - prediction=severe_toxic confidence=0.916 time_ms=466.61
2026-02-22 18:39:55,682 - INFO - prediction=toxic confidence=0.9844 time_ms=44.66
2026-02-22 18:41:11,418 - INFO - prediction=severe_toxic confidence=0.916 time_ms=32.14
2026-02-22 19:00:28,485 - INFO - Loading model...
2026-02-22 19:00:29,188 - INFO - Model loaded successfully.
2026-02-22 19:00:40,724 - INFO - prediction=severe_toxic confidence=0.916 time_ms=79.17
2026-02-22 19:00:51,503 - INFO - prediction=non_toxic confidence=0.9892 time_ms=32.01
2026-02-22 19:00:52,725 - INFO - prediction=non_toxic confidence=0.9892 time_ms=32.68
2026-02-22 19:00:53,385 - INFO - prediction=non_toxic confidence=0.9892 time_ms=32.81
2026-02-22 19:00:53,525 - INFO - prediction=non_toxic confidence=0.9892 time_ms=31.21
2026-02-22 19:00:53,665 - INFO - prediction=non_toxic confidence=0.9892 time_ms=30.01
2026-02-22 19:00:53,809 - INFO - prediction=non_toxic confidence=0.9892 time_ms=30.01
2026-02-22 19:05:11,626 - INFO - prediction=non_toxic confidence=0.9892 time_ms=32.18
2026-02-22 19:51:48,493 - INFO - Loading model...
2026-02-22 19:51:49,248 - INFO - Model loaded successfully.
2026-02-22 19:52:51,074 - INFO - prediction=non_toxic confidence=0.9894 time_ms=96.11
2026-02-22 19:54:25,561 - INFO - prediction=severe_toxic confidence=0.9879 time_ms=34.25
2026-02-22 19:54:34,969 - INFO - prediction=non_toxic confidence=0.9894 time_ms=31.82
2026-02-22 19:54:59,985 - INFO - prediction=severe_toxic confidence=0.9879 time_ms=45.89
2026-02-22 19:55:40,568 - INFO - prediction=severe_toxic confidence=0.9879 time_ms=31.22
2026-02-22 19:55:52,308 - INFO - prediction=non_toxic confidence=0.9894 time_ms=35.02
2026-02-22 19:56:03,411 - INFO - prediction=toxic confidence=0.9856 time_ms=32.13
2026-02-25 21:33:19,904 - INFO - Loading model...
2026-02-25 21:33:21,674 - INFO - Model loaded successfully.
2026-02-25 21:34:30,620 - INFO - prediction=toxic confidence=0.9846 time_ms=749.61
2026-02-25 21:34:45,828 - INFO - prediction=toxic confidence=0.986 time_ms=91.49
2026-02-25 21:36:32,982 - INFO - prediction=non_toxic confidence=0.9894 time_ms=83.98
2026-02-25 21:36:51,220 - INFO - prediction=severe_toxic confidence=0.9872 time_ms=95.03
2026-02-25 21:37:01,986 - INFO - prediction=toxic confidence=0.9856 time_ms=112.28
2026-02-25 21:37:11,165 - INFO - prediction=toxic confidence=0.9861 time_ms=75.01
2026-02-25 21:37:17,531 - INFO - prediction=non_toxic confidence=0.9894 time_ms=90.34
2026-02-25 21:37:45,131 - INFO - prediction=non_toxic confidence=0.9894 time_ms=112.47
2026-02-25 21:45:52,275 - INFO - prediction=non_toxic confidence=0.9872 time_ms=144.28
2026-02-25 21:46:21,066 - INFO - prediction=non_toxic confidence=0.9894 time_ms=79.32
2026-02-25 21:49:03,823 - INFO - prediction=non_toxic confidence=0.9894 time_ms=129.69
2026-02-25 21:49:33,229 - INFO - prediction=severe_toxic confidence=0.9878 time_ms=93.09
2026-02-25 21:50:18,335 - INFO - prediction=non_toxic confidence=0.9894 time_ms=78.68
2026-02-25 21:51:13,691 - INFO - prediction=non_toxic confidence=0.9894 time_ms=84.71
2026-02-25 21:51:56,902 - INFO - prediction=non_toxic confidence=0.9894 time_ms=83.84
2026-02-25 21:52:09,911 - INFO - prediction=toxic confidence=0.9856 time_ms=91.4
2026-02-25 21:52:18,964 - INFO - prediction=toxic confidence=0.9855 time_ms=77.12
2026-02-25 21:53:44,227 - INFO - prediction=non_toxic confidence=0.9765 time_ms=169.48
2026-02-25 21:55:10,744 - INFO - prediction=toxic confidence=0.9849 time_ms=129.75
2026-02-25 21:55:34,931 - INFO - prediction=toxic confidence=0.9849 time_ms=78.0
2026-02-25 21:55:55,526 - INFO - prediction=toxic confidence=0.9861 time_ms=109.82
2026-02-26 12:08:35,866 - INFO - Loading model...
2026-02-26 12:08:37,094 - INFO - Model loaded successfully.
2026-02-26 12:21:06,807 - INFO - prediction=non_toxic confidence=0.9894 time_ms=739.51
2026-02-26 12:21:07,670 - INFO - prediction=non_toxic confidence=0.9894 time_ms=70.88
2026-02-26 12:21:20,694 - INFO - prediction=toxic confidence=0.9856 time_ms=103.67
2026-02-26 12:21:22,507 - INFO - prediction=toxic confidence=0.9856 time_ms=137.49
2026-02-26 12:22:29,581 - INFO - prediction=non_toxic confidence=0.9894 time_ms=72.12
2026-02-26 12:23:44,241 - INFO - prediction=severe_toxic confidence=0.9879 time_ms=108.63
2026-02-26 12:27:38,232 - INFO - prediction=severe_toxic confidence=0.9879 time_ms=83.49
2026-02-26 12:28:24,466 - INFO - prediction=toxic confidence=0.9821 time_ms=110.16
2026-02-26 12:28:43,701 - INFO - prediction=toxic confidence=0.9821 time_ms=77.47
2026-02-26 12:30:21,801 - INFO - prediction=severe_toxic confidence=0.9872 time_ms=92.29
2026-02-26 12:30:53,228 - INFO - prediction=severe_toxic confidence=0.9828 time_ms=83.99
2026-02-26 12:31:17,032 - INFO - prediction=non_toxic confidence=0.9887 time_ms=126.79
2026-02-26 12:31:30,748 - INFO - prediction=toxic confidence=0.9677 time_ms=93.0
2026-02-26 12:32:24,228 - INFO - prediction=toxic confidence=0.9677 time_ms=112.33
2026-02-26 12:33:52,823 - INFO - prediction=toxic confidence=0.9475 time_ms=126.83
2026-02-26 12:33:55,405 - INFO - prediction=toxic confidence=0.9475 time_ms=93.2
2026-02-26 12:33:57,924 - INFO - prediction=toxic confidence=0.9475 time_ms=82.74
2026-02-26 12:34:04,163 - INFO - prediction=non_toxic confidence=0.9703 time_ms=93.98
2026-02-26 12:34:06,448 - INFO - prediction=non_toxic confidence=0.9703 time_ms=90.07
2026-02-26 12:34:16,188 - INFO - prediction=non_toxic confidence=0.9703 time_ms=84.77
